abs_lnd_balance_sync: 0
abs_assets_eq_liabilities: 0
abs_lnd_balance_sync: 0
abs_assets_eq_liabilities: 0
abs_lnd_balance_sync: 0
abs_assets_eq_liabilities: 0
abs_lnd_balance_sync: 0
abs_assets_eq_liabilities: 0
abs_lnd_balance_sync: 0
abs_assets_eq_liabilities: 0
abs_lnd_balance_sync: 3000000
abs_assets_eq_liabilities: 0
abs_lnd_balance_sync: 0
abs_assets_eq_liabilities: 0
abs_lnd_balance_sync: 0
abs_assets_eq_liabilities: 0
abs_lnd_balance_sync: 0
abs_assets_eq_liabilities: 0
abs_lnd_balance_sync: 0
abs_assets_eq_liabilities: 0
abs_lnd_balance_sync: 0
abs_assets_eq_liabilities: 0
abs_lnd_balance_sync: 3000000
abs_assets_eq_liabilities: 0
abs_lnd_balance_sync: 0
abs_assets_eq_liabilities: 0
abs_lnd_balance_sync: 0
abs_assets_eq_liabilities: 0
abs_lnd_balance_sync: 0
abs_assets_eq_liabilities: 0
abs_lnd_balance_sync: 0
abs_assets_eq_liabilities: 0
abs_lnd_balance_sync: 0
abs_assets_eq_liabilities: 0
abs_lnd_balance_sync: 0
abs_assets_eq_liabilities: 0
abs_lnd_balance_sync: 0
abs_assets_eq_liabilities: 0
abs_lnd_balance_sync: 0
abs_assets_eq_liabilities: 0
abs_lnd_balance_sync: 0
abs_assets_eq_liabilities: 0
abs_lnd_balance_sync: 0
abs_assets_eq_liabilities: 0
abs_lnd_balance_sync: 0
abs_assets_eq_liabilities: 0
abs_lnd_balance_sync: 3000000
abs_assets_eq_liabilities: 0
